<?xml version="1.0" encoding="UTF-8"?>
<testng-results ignored="0" total="0" passed="0" failed="0" skipped="0">
  <reporter-output>
  </reporter-output>
  <suite started-at="2022-08-04T23:27:37 GMT+07:00" name="org.tht.TestAuxiliary" finished-at="2022-08-04T23:27:37 GMT+07:00" duration-ms="19">
    <groups>
    </groups>
    <test started-at="2022-08-04T23:27:37 GMT+07:00" name="Command line test" finished-at="2022-08-04T23:27:37 GMT+07:00" duration-ms="19">
      <class name="org.tht.TestAuxiliary">
        <test-method is-config="true" signature="prepareSuit()[pri:0, instance:org.tht.TestAuxiliary@3b2c72c2]" started-at="2022-08-04T23:27:37 GMT+07:00" name="prepareSuit" finished-at="2022-08-04T23:27:37 GMT+07:00" duration-ms="8" status="PASS">
          <reporter-output>
          </reporter-output>
        </test-method> <!-- prepareSuit -->
        <test-method is-config="true" signature="prepareTest(org.testng.ITestContext)[pri:0, instance:org.tht.TestAuxiliary@3b2c72c2]" started-at="2022-08-04T23:27:37 GMT+07:00" name="prepareTest" finished-at="2022-08-04T23:27:37 GMT+07:00" duration-ms="10" status="PASS">
          <params>
            <param index="0">
              <value>
                <![CDATA[org.testng.TestRunner@61df66b6]]>
              </value>
            </param>
          </params>
          <reporter-output>
          </reporter-output>
        </test-method> <!-- prepareTest -->
        <test-method is-config="true" signature="clearTest(org.testng.ITestContext)[pri:0, instance:org.tht.TestAuxiliary@3b2c72c2]" started-at="2022-08-04T23:27:37 GMT+07:00" name="clearTest" finished-at="2022-08-04T23:27:37 GMT+07:00" duration-ms="1" status="PASS">
          <params>
            <param index="0">
              <value>
                <![CDATA[org.testng.TestRunner@61df66b6]]>
              </value>
            </param>
          </params>
          <reporter-output>
          </reporter-output>
        </test-method> <!-- clearTest -->
      </class> <!-- org.tht.TestAuxiliary -->
    </test> <!-- Command line test -->
  </suite> <!-- org.tht.TestAuxiliary -->
</testng-results>
